{"level":"DEBUG","location":"[get_call:136] fyersModel","message":{"Status Code":500,"API":"/quotes"},"timestamp":"2024-03-26 22:46:50,667-0400","service":"FyersAPIRequest","taskName":"Task-2"}
{"level":"DEBUG","location":"[get_call:136] fyersModel","message":{"Status Code":200,"API":"/quotes"},"timestamp":"2024-03-26 22:48:53,032-0400","service":"FyersAPIRequest","taskName":"Task-3"}
{"level":"DEBUG","location":"[get_call:136] fyersModel","message":{"Status Code":200,"API":"/quotes"},"timestamp":"2024-03-26 22:52:10,334-0400","service":"FyersAPIRequest","taskName":"Task-4"}
{"level":"DEBUG","location":"[get_call:136] fyersModel","message":{"Status Code":200,"API":"/quotes"},"timestamp":"2024-03-26 22:52:54,471-0400","service":"FyersAPIRequest","taskName":"Task-4"}
{"level":"DEBUG","location":"[get_call:136] fyersModel","message":{"Status Code":200,"API":"/quotes"},"timestamp":"2024-03-26 22:57:15,297-0400","service":"FyersAPIRequest","taskName":"Task-4"}
{"level":"DEBUG","location":"[get_call:136] fyersModel","message":{"Status Code":200,"API":"/quotes"},"timestamp":"2024-03-26 22:59:02,395-0400","service":"FyersAPIRequest","taskName":"Task-4"}
{"level":"DEBUG","location":"[get_call:136] fyersModel","message":{"Status Code":200,"API":"/quotes"},"timestamp":"2024-03-26 22:59:46,659-0400","service":"FyersAPIRequest","taskName":"Task-4"}
{"level":"DEBUG","location":"[get_call:136] fyersModel","message":{"Status Code":200,"API":"/quotes"},"timestamp":"2024-03-26 23:35:04,523-0400","service":"FyersAPIRequest","taskName":"Task-4"}
{"level":"DEBUG","location":"[get_call:136] fyersModel","message":{"Status Code":200,"API":"/quotes"},"timestamp":"2024-03-26 23:35:48,075-0400","service":"FyersAPIRequest","taskName":"Task-4"}
{"level":"DEBUG","location":"[get_call:136] fyersModel","message":{"Status Code":200,"API":"/quotes"},"timestamp":"2024-03-26 23:37:08,159-0400","service":"FyersAPIRequest","taskName":"Task-3"}
{"level":"DEBUG","location":"[get_call:136] fyersModel","message":{"Status Code":200,"API":"/quotes"},"timestamp":"2024-03-26 23:37:51,647-0400","service":"FyersAPIRequest","taskName":"Task-3"}
{"level":"DEBUG","location":"[get_call:136] fyersModel","message":{"Status Code":200,"API":"/quotes"},"timestamp":"2024-03-26 23:41:02,644-0400","service":"FyersAPIRequest","taskName":"Task-4"}
{"level":"DEBUG","location":"[get_call:136] fyersModel","message":{"Status Code":200,"API":"/quotes"},"timestamp":"2024-03-26 23:41:46,102-0400","service":"FyersAPIRequest","taskName":"Task-4"}
{"level":"DEBUG","location":"[get_call:136] fyersModel","message":{"Status Code":200,"API":"/quotes"},"timestamp":"2024-03-27 00:18:42,631-0400","service":"FyersAPIRequest","taskName":"Task-4"}
{"level":"DEBUG","location":"[get_call:136] fyersModel","message":{"Status Code":200,"API":"/quotes"},"timestamp":"2024-03-27 00:19:26,322-0400","service":"FyersAPIRequest","taskName":"Task-4"}
{"level":"DEBUG","location":"[get_call:136] fyersModel","message":{"Status Code":200,"API":"/quotes"},"timestamp":"2024-03-27 00:22:11,359-0400","service":"FyersAPIRequest","taskName":"Task-2"}
{"level":"DEBUG","location":"[get_call:136] fyersModel","message":{"Status Code":200,"API":"/quotes"},"timestamp":"2024-03-27 00:22:54,887-0400","service":"FyersAPIRequest","taskName":"Task-2"}
{"level":"DEBUG","location":"[get_call:136] fyersModel","message":{"Status Code":200,"API":"/quotes"},"timestamp":"2024-03-27 00:23:38,407-0400","service":"FyersAPIRequest","taskName":"Task-2"}
{"level":"DEBUG","location":"[get_call:136] fyersModel","message":{"Status Code":200,"API":"/quotes"},"timestamp":"2024-03-27 00:27:54,600-0400","service":"FyersAPIRequest","taskName":"Task-2"}
{"level":"DEBUG","location":"[get_call:136] fyersModel","message":{"Status Code":200,"API":"/quotes"},"timestamp":"2024-03-27 00:28:43,237-0400","service":"FyersAPIRequest","taskName":"Task-2"}
{"level":"DEBUG","location":"[get_call:136] fyersModel","message":{"Status Code":200,"API":"/positions"},"timestamp":"2024-03-27 00:41:34,578-0400","service":"FyersAPIRequest","taskName":"Task-2"}
{"level":"DEBUG","location":"[get_call:136] fyersModel","message":{"Status Code":200,"API":"/positions"},"timestamp":"2024-03-27 00:41:56,353-0400","service":"FyersAPIRequest","taskName":"Task-2"}
{"level":"DEBUG","location":"[get_call:136] fyersModel","message":{"Status Code":200,"API":"/quotes"},"timestamp":"2024-03-27 00:43:03,920-0400","service":"FyersAPIRequest","taskName":"Task-4"}
{"level":"DEBUG","location":"[get_call:136] fyersModel","message":{"Status Code":200,"API":"/quotes"},"timestamp":"2024-03-27 00:43:09,843-0400","service":"FyersAPIRequest","taskName":"Task-4"}
{"level":"DEBUG","location":"[get_call:136] fyersModel","message":{"Status Code":200,"API":"/quotes"},"timestamp":"2024-03-27 00:43:11,411-0400","service":"FyersAPIRequest","taskName":"Task-4"}
{"level":"DEBUG","location":"[get_call:136] fyersModel","message":{"Status Code":200,"API":"/quotes"},"timestamp":"2024-03-27 00:43:18,006-0400","service":"FyersAPIRequest","taskName":"Task-4"}
{"level":"DEBUG","location":"[post_call:77] fyersModel","message":{"Status Code":400,"API":"/orders/sync"},"timestamp":"2024-03-27 00:43:19,455-0400","service":"FyersAPIRequest","taskName":"Task-4"}
{"level":"DEBUG","location":"[post_call:77] fyersModel","message":{"Status Code":400,"API":"/orders/sync"},"timestamp":"2024-03-27 00:43:22,917-0400","service":"FyersAPIRequest","taskName":"Task-4"}
{"level":"DEBUG","location":"[get_call:136] fyersModel","message":{"Status Code":200,"API":"/positions"},"timestamp":"2024-03-27 00:43:25,796-0400","service":"FyersAPIRequest","taskName":"Task-4"}
{"level":"DEBUG","location":"[get_call:136] fyersModel","message":{"Status Code":200,"API":"/quotes"},"timestamp":"2024-03-27 00:44:24,834-0400","service":"FyersAPIRequest","taskName":"Task-3"}
{"level":"DEBUG","location":"[get_call:136] fyersModel","message":{"Status Code":200,"API":"/quotes"},"timestamp":"2024-03-27 00:44:31,293-0400","service":"FyersAPIRequest","taskName":"Task-3"}
{"level":"DEBUG","location":"[get_call:136] fyersModel","message":{"Status Code":200,"API":"/quotes"},"timestamp":"2024-03-27 00:44:32,887-0400","service":"FyersAPIRequest","taskName":"Task-3"}
{"level":"DEBUG","location":"[get_call:136] fyersModel","message":{"Status Code":200,"API":"/quotes"},"timestamp":"2024-03-27 00:44:39,709-0400","service":"FyersAPIRequest","taskName":"Task-3"}
{"level":"DEBUG","location":"[post_call:77] fyersModel","message":{"Status Code":400,"API":"/orders/sync"},"timestamp":"2024-03-27 00:44:40,546-0400","service":"FyersAPIRequest","taskName":"Task-3"}
{"level":"DEBUG","location":"[post_call:77] fyersModel","message":{"Status Code":400,"API":"/orders/sync"},"timestamp":"2024-03-27 00:44:43,414-0400","service":"FyersAPIRequest","taskName":"Task-3"}
{"level":"DEBUG","location":"[get_call:136] fyersModel","message":{"Status Code":200,"API":"/positions"},"timestamp":"2024-03-27 00:44:46,246-0400","service":"FyersAPIRequest","taskName":"Task-3"}
{"level":"DEBUG","location":"[post_call:77] fyersModel","message":{"Status Code":400,"API":"/orders/sync"},"timestamp":"2024-03-27 00:45:39,594-0400","service":"FyersAPIRequest","taskName":"Task-3"}
{"level":"DEBUG","location":"[get_call:136] fyersModel","message":{"Status Code":200,"API":"/quotes"},"timestamp":"2024-03-27 00:46:13,163-0400","service":"FyersAPIRequest","taskName":"Task-4"}
{"level":"DEBUG","location":"[get_call:136] fyersModel","message":{"Status Code":200,"API":"/quotes"},"timestamp":"2024-03-27 00:46:19,645-0400","service":"FyersAPIRequest","taskName":"Task-4"}
{"level":"DEBUG","location":"[get_call:136] fyersModel","message":{"Status Code":200,"API":"/quotes"},"timestamp":"2024-03-27 00:46:21,225-0400","service":"FyersAPIRequest","taskName":"Task-4"}
{"level":"DEBUG","location":"[get_call:136] fyersModel","message":{"Status Code":200,"API":"/quotes"},"timestamp":"2024-03-27 00:46:27,078-0400","service":"FyersAPIRequest","taskName":"Task-4"}
{"level":"DEBUG","location":"[post_call:77] fyersModel","message":{"Status Code":200,"API":"/orders/sync"},"timestamp":"2024-03-27 00:46:28,616-0400","service":"FyersAPIRequest","taskName":"Task-4"}
{"level":"DEBUG","location":"[post_call:77] fyersModel","message":{"Status Code":200,"API":"/orders/sync"},"timestamp":"2024-03-27 00:46:32,271-0400","service":"FyersAPIRequest","taskName":"Task-4"}
{"level":"DEBUG","location":"[get_call:136] fyersModel","message":{"Status Code":200,"API":"/positions"},"timestamp":"2024-03-27 00:46:35,795-0400","service":"FyersAPIRequest","taskName":"Task-4"}
{"level":"DEBUG","location":"[get_call:136] fyersModel","message":{"Status Code":200,"API":"/quotes"},"timestamp":"2024-03-27 00:49:56,460-0400","service":"FyersAPIRequest","taskName":"Task-3"}
{"level":"DEBUG","location":"[get_call:136] fyersModel","message":{"Status Code":200,"API":"/quotes"},"timestamp":"2024-03-27 00:50:02,903-0400","service":"FyersAPIRequest","taskName":"Task-3"}
{"level":"DEBUG","location":"[get_call:136] fyersModel","message":{"Status Code":200,"API":"/quotes"},"timestamp":"2024-03-27 00:50:04,499-0400","service":"FyersAPIRequest","taskName":"Task-3"}
{"level":"DEBUG","location":"[get_call:136] fyersModel","message":{"Status Code":200,"API":"/quotes"},"timestamp":"2024-03-27 00:50:10,961-0400","service":"FyersAPIRequest","taskName":"Task-3"}
{"level":"DEBUG","location":"[post_call:77] fyersModel","message":{"Status Code":200,"API":"/orders/sync"},"timestamp":"2024-03-27 00:50:12,652-0400","service":"FyersAPIRequest","taskName":"Task-3"}
{"level":"DEBUG","location":"[post_call:77] fyersModel","message":{"Status Code":200,"API":"/orders/sync"},"timestamp":"2024-03-27 00:50:16,339-0400","service":"FyersAPIRequest","taskName":"Task-3"}
{"level":"DEBUG","location":"[get_call:136] fyersModel","message":{"Status Code":200,"API":"/positions"},"timestamp":"2024-03-27 00:50:19,791-0400","service":"FyersAPIRequest","taskName":"Task-3"}
{"level":"DEBUG","location":"[get_call:136] fyersModel","message":{"Status Code":200,"API":"/quotes"},"timestamp":"2024-03-27 00:52:14,498-0400","service":"FyersAPIRequest"}
{"level":"DEBUG","location":"[get_call:136] fyersModel","message":{"Status Code":200,"API":"/quotes"},"timestamp":"2024-03-27 00:52:21,085-0400","service":"FyersAPIRequest"}
{"level":"DEBUG","location":"[get_call:136] fyersModel","message":{"Status Code":200,"API":"/quotes"},"timestamp":"2024-03-27 00:52:22,708-0400","service":"FyersAPIRequest"}
{"level":"DEBUG","location":"[get_call:136] fyersModel","message":{"Status Code":200,"API":"/quotes"},"timestamp":"2024-03-27 00:52:29,161-0400","service":"FyersAPIRequest"}
{"level":"DEBUG","location":"[post_call:77] fyersModel","message":{"Status Code":200,"API":"/orders/sync"},"timestamp":"2024-03-27 00:52:30,176-0400","service":"FyersAPIRequest"}
{"level":"DEBUG","location":"[post_call:77] fyersModel","message":{"Status Code":200,"API":"/orders/sync"},"timestamp":"2024-03-27 00:52:33,057-0400","service":"FyersAPIRequest"}
{"level":"DEBUG","location":"[get_call:136] fyersModel","message":{"Status Code":200,"API":"/positions"},"timestamp":"2024-03-27 00:52:35,882-0400","service":"FyersAPIRequest"}
