{"level":"DEBUG","location":"[get_call:136] fyersModel","message":{"Status Code":200,"API":"/history"},"timestamp":"2025-03-26 18:00:10,780-0400","service":"FyersAPIRequest"}
{"level":"DEBUG","location":"[get_call:136] fyersModel","message":{"Status Code":200,"API":"/history"},"timestamp":"2025-03-26 18:01:37,069-0400","service":"FyersAPIRequest"}
{"level":"DEBUG","location":"[get_call:136] fyersModel","message":{"Status Code":200,"API":"/history"},"timestamp":"2025-03-26 18:01:59,898-0400","service":"FyersAPIRequest"}
{"level":"DEBUG","location":"[get_call:136] fyersModel","message":{"Status Code":200,"API":"/history"},"timestamp":"2025-03-30 16:03:00,038-0400","service":"FyersAPIRequest"}
{"level":"DEBUG","location":"[get_call:136] fyersModel","message":{"Status Code":200,"API":"/history"},"timestamp":"2025-03-30 16:03:10,770-0400","service":"FyersAPIRequest"}
{"level":"DEBUG","location":"[get_call:136] fyersModel","message":{"Status Code":200,"API":"/history"},"timestamp":"2025-03-30 16:03:21,502-0400","service":"FyersAPIRequest"}
{"level":"DEBUG","location":"[get_call:136] fyersModel","message":{"Status Code":200,"API":"/history"},"timestamp":"2025-03-30 16:03:32,228-0400","service":"FyersAPIRequest"}
{"level":"DEBUG","location":"[get_call:136] fyersModel","message":{"Status Code":200,"API":"/history"},"timestamp":"2025-03-30 16:03:42,972-0400","service":"FyersAPIRequest"}
{"level":"DEBUG","location":"[get_call:136] fyersModel","message":{"Status Code":200,"API":"/history"},"timestamp":"2025-04-02 03:06:35,434-0400","service":"FyersAPIRequest"}
{"level":"DEBUG","location":"[get_call:136] fyersModel","message":{"Status Code":200,"API":"/history"},"timestamp":"2025-04-02 03:06:46,157-0400","service":"FyersAPIRequest"}
{"level":"DEBUG","location":"[get_call:136] fyersModel","message":{"Status Code":200,"API":"/history"},"timestamp":"2025-04-02 03:06:57,062-0400","service":"FyersAPIRequest"}
{"level":"DEBUG","location":"[get_call:136] fyersModel","message":{"Status Code":200,"API":"/history"},"timestamp":"2025-04-02 03:07:08,332-0400","service":"FyersAPIRequest"}
{"level":"DEBUG","location":"[get_call:136] fyersModel","message":{"Status Code":200,"API":"/history"},"timestamp":"2025-04-02 03:07:19,141-0400","service":"FyersAPIRequest"}
{"level":"DEBUG","location":"[get_call:136] fyersModel","message":{"Status Code":200,"API":"/history"},"timestamp":"2025-04-05 16:39:21,680-0400","service":"FyersAPIRequest"}
{"level":"DEBUG","location":"[get_call:136] fyersModel","message":{"Status Code":200,"API":"/positions"},"timestamp":"2025-04-05 16:47:24,942-0400","service":"FyersAPIRequest","taskName":"Task-4"}
{"level":"DEBUG","location":"[get_call:136] fyersModel","message":{"Status Code":200,"API":"/holdings"},"timestamp":"2025-04-05 16:47:52,057-0400","service":"FyersAPIRequest","taskName":"Task-4"}
{"level":"DEBUG","location":"[get_call:136] fyersModel","message":{"Status Code":200,"API":"/holdings"},"timestamp":"2025-04-05 17:07:46,035-0400","service":"FyersAPIRequest","taskName":"Task-4"}
{"level":"DEBUG","location":"[get_call:136] fyersModel","message":{"Status Code":200,"API":"/history"},"timestamp":"2025-04-05 17:14:41,378-0400","service":"FyersAPIRequest","taskName":"Task-4"}
{"level":"DEBUG","location":"[get_call:136] fyersModel","message":{"Status Code":200,"API":"/positions"},"timestamp":"2025-04-05 17:27:47,501-0400","service":"FyersAPIRequest","taskName":"Task-4"}
{"level":"DEBUG","location":"[get_call:136] fyersModel","message":{"Status Code":200,"API":"/holdings"},"timestamp":"2025-04-05 17:27:48,706-0400","service":"FyersAPIRequest","taskName":"Task-4"}
{"level":"DEBUG","location":"[get_call:136] fyersModel","message":{"Status Code":200,"API":"/positions"},"timestamp":"2025-04-05 17:30:35,844-0400","service":"FyersAPIRequest","taskName":"Task-3"}
{"level":"DEBUG","location":"[get_call:136] fyersModel","message":{"Status Code":200,"API":"/holdings"},"timestamp":"2025-04-05 17:30:36,537-0400","service":"FyersAPIRequest","taskName":"Task-3"}
{"level":"DEBUG","location":"[get_call:136] fyersModel","message":{"Status Code":200,"API":"/positions"},"timestamp":"2025-04-05 17:31:47,167-0400","service":"FyersAPIRequest","taskName":"Task-2"}
{"level":"DEBUG","location":"[get_call:136] fyersModel","message":{"Status Code":200,"API":"/holdings"},"timestamp":"2025-04-05 17:31:47,859-0400","service":"FyersAPIRequest","taskName":"Task-2"}
{"level":"DEBUG","location":"[get_call:136] fyersModel","message":{"Status Code":200,"API":"/positions"},"timestamp":"2025-04-05 17:32:34,237-0400","service":"FyersAPIRequest","taskName":"Task-2"}
{"level":"DEBUG","location":"[get_call:136] fyersModel","message":{"Status Code":200,"API":"/holdings"},"timestamp":"2025-04-05 17:32:34,916-0400","service":"FyersAPIRequest","taskName":"Task-2"}
{"level":"DEBUG","location":"[get_call:136] fyersModel","message":{"Status Code":200,"API":"/history"},"timestamp":"2025-04-05 17:33:00,323-0400","service":"FyersAPIRequest","taskName":"Task-4"}
{"level":"DEBUG","location":"[get_call:136] fyersModel","message":{"Status Code":200,"API":"/positions"},"timestamp":"2025-04-05 17:33:32,302-0400","service":"FyersAPIRequest","taskName":"Task-4"}
{"level":"DEBUG","location":"[get_call:136] fyersModel","message":{"Status Code":200,"API":"/holdings"},"timestamp":"2025-04-05 17:33:33,017-0400","service":"FyersAPIRequest","taskName":"Task-4"}
{"level":"DEBUG","location":"[get_call:136] fyersModel","message":{"Status Code":200,"API":"/history"},"timestamp":"2025-04-05 17:33:33,776-0400","service":"FyersAPIRequest","taskName":"Task-4"}
{"level":"DEBUG","location":"[get_call:136] fyersModel","message":{"Status Code":200,"API":"/history"},"timestamp":"2025-04-05 17:33:44,496-0400","service":"FyersAPIRequest","taskName":"Task-4"}
{"level":"DEBUG","location":"[get_call:136] fyersModel","message":{"Status Code":200,"API":"/history"},"timestamp":"2025-04-05 17:33:55,205-0400","service":"FyersAPIRequest","taskName":"Task-4"}
{"level":"DEBUG","location":"[get_call:136] fyersModel","message":{"Status Code":200,"API":"/history"},"timestamp":"2025-04-05 17:34:05,913-0400","service":"FyersAPIRequest","taskName":"Task-4"}
{"level":"DEBUG","location":"[get_call:136] fyersModel","message":{"Status Code":200,"API":"/history"},"timestamp":"2025-04-05 17:34:16,642-0400","service":"FyersAPIRequest","taskName":"Task-4"}
{"level":"DEBUG","location":"[get_call:136] fyersModel","message":{"Status Code":200,"API":"/history"},"timestamp":"2025-04-05 18:01:54,734-0400","service":"FyersAPIRequest","taskName":"Task-4"}
{"level":"DEBUG","location":"[get_call:136] fyersModel","message":{"Status Code":200,"API":"/history"},"timestamp":"2025-04-05 18:03:18,039-0400","service":"FyersAPIRequest","taskName":"Task-4"}
{"level":"DEBUG","location":"[get_call:136] fyersModel","message":{"Status Code":200,"API":"/history"},"timestamp":"2025-04-05 18:03:28,771-0400","service":"FyersAPIRequest","taskName":"Task-4"}
{"level":"DEBUG","location":"[get_call:136] fyersModel","message":{"Status Code":200,"API":"/history"},"timestamp":"2025-04-05 18:03:39,506-0400","service":"FyersAPIRequest","taskName":"Task-4"}
{"level":"DEBUG","location":"[get_call:136] fyersModel","message":{"Status Code":200,"API":"/history"},"timestamp":"2025-04-05 18:03:50,237-0400","service":"FyersAPIRequest","taskName":"Task-4"}
{"level":"DEBUG","location":"[get_call:136] fyersModel","message":{"Status Code":200,"API":"/history"},"timestamp":"2025-04-05 18:04:00,962-0400","service":"FyersAPIRequest","taskName":"Task-4"}
{"level":"DEBUG","location":"[get_call:136] fyersModel","message":{"Status Code":200,"API":"/history"},"timestamp":"2025-04-05 18:04:39,734-0400","service":"FyersAPIRequest","taskName":"Task-4"}
{"level":"DEBUG","location":"[get_call:136] fyersModel","message":{"Status Code":200,"API":"/history"},"timestamp":"2025-04-05 18:04:50,558-0400","service":"FyersAPIRequest","taskName":"Task-4"}
{"level":"DEBUG","location":"[get_call:136] fyersModel","message":{"Status Code":200,"API":"/history"},"timestamp":"2025-04-05 18:05:02,048-0400","service":"FyersAPIRequest","taskName":"Task-4"}
{"level":"DEBUG","location":"[get_call:136] fyersModel","message":{"Status Code":200,"API":"/history"},"timestamp":"2025-04-05 18:05:12,789-0400","service":"FyersAPIRequest","taskName":"Task-4"}
{"level":"DEBUG","location":"[get_call:136] fyersModel","message":{"Status Code":200,"API":"/history"},"timestamp":"2025-04-05 18:05:23,529-0400","service":"FyersAPIRequest","taskName":"Task-4"}
{"level":"DEBUG","location":"[get_call:136] fyersModel","message":{"Status Code":200,"API":"/history"},"timestamp":"2025-04-05 18:06:52,705-0400","service":"FyersAPIRequest","taskName":"Task-4"}
{"level":"DEBUG","location":"[get_call:136] fyersModel","message":{"Status Code":200,"API":"/history"},"timestamp":"2025-04-05 18:07:03,487-0400","service":"FyersAPIRequest","taskName":"Task-4"}
{"level":"DEBUG","location":"[get_call:136] fyersModel","message":{"Status Code":200,"API":"/history"},"timestamp":"2025-04-05 18:07:14,733-0400","service":"FyersAPIRequest","taskName":"Task-4"}
{"level":"DEBUG","location":"[get_call:136] fyersModel","message":{"Status Code":200,"API":"/history"},"timestamp":"2025-04-05 18:07:25,443-0400","service":"FyersAPIRequest","taskName":"Task-4"}
{"level":"DEBUG","location":"[get_call:136] fyersModel","message":{"Status Code":200,"API":"/history"},"timestamp":"2025-04-05 18:07:36,179-0400","service":"FyersAPIRequest","taskName":"Task-4"}
{"level":"DEBUG","location":"[get_call:136] fyersModel","message":{"Status Code":200,"API":"/history"},"timestamp":"2025-04-05 18:10:57,333-0400","service":"FyersAPIRequest","taskName":"Task-4"}
{"level":"DEBUG","location":"[get_call:136] fyersModel","message":{"Status Code":200,"API":"/history"},"timestamp":"2025-04-05 18:11:08,042-0400","service":"FyersAPIRequest","taskName":"Task-4"}
{"level":"DEBUG","location":"[get_call:136] fyersModel","message":{"Status Code":200,"API":"/history"},"timestamp":"2025-04-05 18:11:18,794-0400","service":"FyersAPIRequest","taskName":"Task-4"}
{"level":"DEBUG","location":"[get_call:136] fyersModel","message":{"Status Code":200,"API":"/history"},"timestamp":"2025-04-05 18:11:29,508-0400","service":"FyersAPIRequest","taskName":"Task-4"}
{"level":"DEBUG","location":"[get_call:136] fyersModel","message":{"Status Code":200,"API":"/history"},"timestamp":"2025-04-05 18:11:40,212-0400","service":"FyersAPIRequest","taskName":"Task-4"}
{"level":"DEBUG","location":"[get_call:136] fyersModel","message":{"Status Code":200,"API":"/positions"},"timestamp":"2025-04-05 19:02:49,293-0400","service":"FyersAPIRequest","taskName":"Task-3"}
{"level":"DEBUG","location":"[get_call:136] fyersModel","message":{"Status Code":200,"API":"/holdings"},"timestamp":"2025-04-05 19:02:50,514-0400","service":"FyersAPIRequest","taskName":"Task-3"}
{"level":"DEBUG","location":"[get_call:136] fyersModel","message":{"Status Code":200,"API":"/history"},"timestamp":"2025-04-05 19:02:51,769-0400","service":"FyersAPIRequest","taskName":"Task-3"}
{"level":"DEBUG","location":"[get_call:136] fyersModel","message":{"Status Code":200,"API":"/history"},"timestamp":"2025-04-05 19:03:02,502-0400","service":"FyersAPIRequest","taskName":"Task-3"}
{"level":"DEBUG","location":"[get_call:136] fyersModel","message":{"Status Code":200,"API":"/history"},"timestamp":"2025-04-05 19:03:13,211-0400","service":"FyersAPIRequest","taskName":"Task-3"}
{"level":"DEBUG","location":"[get_call:136] fyersModel","message":{"Status Code":200,"API":"/history"},"timestamp":"2025-04-05 19:03:23,993-0400","service":"FyersAPIRequest","taskName":"Task-3"}
{"level":"DEBUG","location":"[get_call:136] fyersModel","message":{"Status Code":200,"API":"/history"},"timestamp":"2025-04-05 19:03:34,720-0400","service":"FyersAPIRequest","taskName":"Task-3"}
{"level":"DEBUG","location":"[get_call:136] fyersModel","message":{"Status Code":200,"API":"/history"},"timestamp":"2025-04-05 19:03:45,543-0400","service":"FyersAPIRequest","taskName":"Task-3"}
{"level":"DEBUG","location":"[get_call:136] fyersModel","message":{"Status Code":200,"API":"/history"},"timestamp":"2025-04-05 19:03:56,295-0400","service":"FyersAPIRequest","taskName":"Task-3"}
{"level":"DEBUG","location":"[get_call:136] fyersModel","message":{"Status Code":200,"API":"/history"},"timestamp":"2025-04-05 19:04:07,050-0400","service":"FyersAPIRequest","taskName":"Task-3"}
{"level":"DEBUG","location":"[get_call:136] fyersModel","message":{"Status Code":200,"API":"/history"},"timestamp":"2025-04-05 19:04:17,759-0400","service":"FyersAPIRequest","taskName":"Task-3"}
{"level":"DEBUG","location":"[get_call:136] fyersModel","message":{"Status Code":200,"API":"/history"},"timestamp":"2025-04-05 19:04:28,982-0400","service":"FyersAPIRequest","taskName":"Task-3"}
{"level":"DEBUG","location":"[get_call:136] fyersModel","message":{"Status Code":200,"API":"/history"},"timestamp":"2025-04-05 19:04:39,703-0400","service":"FyersAPIRequest","taskName":"Task-3"}
{"level":"DEBUG","location":"[get_call:136] fyersModel","message":{"Status Code":200,"API":"/history"},"timestamp":"2025-04-05 19:04:50,416-0400","service":"FyersAPIRequest","taskName":"Task-3"}
{"level":"DEBUG","location":"[get_call:136] fyersModel","message":{"Status Code":200,"API":"/history"},"timestamp":"2025-04-05 19:05:01,120-0400","service":"FyersAPIRequest","taskName":"Task-3"}
{"level":"DEBUG","location":"[get_call:136] fyersModel","message":{"Status Code":200,"API":"/history"},"timestamp":"2025-04-05 19:05:11,821-0400","service":"FyersAPIRequest","taskName":"Task-3"}
{"level":"DEBUG","location":"[get_call:136] fyersModel","message":{"Status Code":200,"API":"/history"},"timestamp":"2025-04-05 19:05:22,580-0400","service":"FyersAPIRequest","taskName":"Task-3"}
{"level":"DEBUG","location":"[get_call:136] fyersModel","message":{"Status Code":200,"API":"/history"},"timestamp":"2025-04-05 19:05:33,350-0400","service":"FyersAPIRequest","taskName":"Task-3"}
{"level":"DEBUG","location":"[get_call:136] fyersModel","message":{"Status Code":200,"API":"/history"},"timestamp":"2025-04-05 19:05:44,151-0400","service":"FyersAPIRequest","taskName":"Task-3"}
{"level":"DEBUG","location":"[get_call:136] fyersModel","message":{"Status Code":200,"API":"/history"},"timestamp":"2025-04-05 19:05:54,864-0400","service":"FyersAPIRequest","taskName":"Task-3"}
{"level":"DEBUG","location":"[get_call:136] fyersModel","message":{"Status Code":200,"API":"/history"},"timestamp":"2025-04-05 19:06:05,586-0400","service":"FyersAPIRequest","taskName":"Task-3"}
{"level":"DEBUG","location":"[get_call:136] fyersModel","message":{"Status Code":200,"API":"/history"},"timestamp":"2025-04-05 19:06:16,781-0400","service":"FyersAPIRequest","taskName":"Task-3"}
{"level":"DEBUG","location":"[get_call:136] fyersModel","message":{"Status Code":200,"API":"/history"},"timestamp":"2025-04-05 19:06:27,564-0400","service":"FyersAPIRequest","taskName":"Task-3"}
{"level":"DEBUG","location":"[get_call:136] fyersModel","message":{"Status Code":200,"API":"/history"},"timestamp":"2025-04-05 19:06:39,760-0400","service":"FyersAPIRequest","taskName":"Task-3"}
{"level":"DEBUG","location":"[get_call:136] fyersModel","message":{"Status Code":200,"API":"/history"},"timestamp":"2025-04-05 19:06:50,458-0400","service":"FyersAPIRequest","taskName":"Task-3"}
{"level":"DEBUG","location":"[get_call:136] fyersModel","message":{"Status Code":200,"API":"/history"},"timestamp":"2025-04-05 19:07:01,178-0400","service":"FyersAPIRequest","taskName":"Task-3"}
{"level":"DEBUG","location":"[get_call:136] fyersModel","message":{"Status Code":200,"API":"/history"},"timestamp":"2025-04-05 19:07:11,922-0400","service":"FyersAPIRequest","taskName":"Task-3"}
{"level":"DEBUG","location":"[get_call:136] fyersModel","message":{"Status Code":200,"API":"/positions"},"timestamp":"2025-04-05 19:25:43,219-0400","service":"FyersAPIRequest","taskName":"Task-3"}
{"level":"DEBUG","location":"[get_call:136] fyersModel","message":{"Status Code":200,"API":"/holdings"},"timestamp":"2025-04-05 19:25:43,945-0400","service":"FyersAPIRequest","taskName":"Task-3"}
{"level":"DEBUG","location":"[get_call:136] fyersModel","message":{"Status Code":200,"API":"/history"},"timestamp":"2025-04-05 19:25:44,660-0400","service":"FyersAPIRequest","taskName":"Task-3"}
{"level":"DEBUG","location":"[get_call:136] fyersModel","message":{"Status Code":200,"API":"/history"},"timestamp":"2025-04-05 19:25:55,347-0400","service":"FyersAPIRequest","taskName":"Task-3"}
{"level":"DEBUG","location":"[get_call:136] fyersModel","message":{"Status Code":200,"API":"/history"},"timestamp":"2025-04-05 19:26:06,031-0400","service":"FyersAPIRequest","taskName":"Task-3"}
{"level":"DEBUG","location":"[get_call:136] fyersModel","message":{"Status Code":200,"API":"/history"},"timestamp":"2025-04-05 19:26:16,755-0400","service":"FyersAPIRequest","taskName":"Task-3"}
{"level":"DEBUG","location":"[get_call:136] fyersModel","message":{"Status Code":200,"API":"/history"},"timestamp":"2025-04-05 19:26:27,458-0400","service":"FyersAPIRequest","taskName":"Task-3"}
{"level":"DEBUG","location":"[get_call:136] fyersModel","message":{"Status Code":200,"API":"/history"},"timestamp":"2025-04-05 19:26:38,207-0400","service":"FyersAPIRequest","taskName":"Task-3"}
{"level":"DEBUG","location":"[get_call:136] fyersModel","message":{"Status Code":200,"API":"/history"},"timestamp":"2025-04-05 19:26:49,144-0400","service":"FyersAPIRequest","taskName":"Task-3"}
{"level":"DEBUG","location":"[get_call:136] fyersModel","message":{"Status Code":200,"API":"/history"},"timestamp":"2025-04-05 19:27:00,299-0400","service":"FyersAPIRequest","taskName":"Task-3"}
{"level":"DEBUG","location":"[get_call:136] fyersModel","message":{"Status Code":200,"API":"/history"},"timestamp":"2025-04-05 19:27:11,026-0400","service":"FyersAPIRequest","taskName":"Task-3"}
{"level":"DEBUG","location":"[get_call:136] fyersModel","message":{"Status Code":200,"API":"/history"},"timestamp":"2025-04-05 19:27:21,779-0400","service":"FyersAPIRequest","taskName":"Task-3"}
{"level":"DEBUG","location":"[get_call:136] fyersModel","message":{"Status Code":200,"API":"/history"},"timestamp":"2025-04-05 19:27:32,706-0400","service":"FyersAPIRequest","taskName":"Task-3"}
{"level":"DEBUG","location":"[get_call:136] fyersModel","message":{"Status Code":200,"API":"/history"},"timestamp":"2025-04-05 19:27:43,476-0400","service":"FyersAPIRequest","taskName":"Task-3"}
{"level":"DEBUG","location":"[get_call:136] fyersModel","message":{"Status Code":200,"API":"/history"},"timestamp":"2025-04-05 19:27:54,217-0400","service":"FyersAPIRequest","taskName":"Task-3"}
{"level":"DEBUG","location":"[get_call:136] fyersModel","message":{"Status Code":200,"API":"/history"},"timestamp":"2025-04-05 19:28:04,916-0400","service":"FyersAPIRequest","taskName":"Task-3"}
{"level":"DEBUG","location":"[get_call:136] fyersModel","message":{"Status Code":200,"API":"/history"},"timestamp":"2025-04-05 19:28:15,632-0400","service":"FyersAPIRequest","taskName":"Task-3"}
{"level":"DEBUG","location":"[get_call:136] fyersModel","message":{"Status Code":200,"API":"/history"},"timestamp":"2025-04-05 19:28:26,410-0400","service":"FyersAPIRequest","taskName":"Task-3"}
{"level":"DEBUG","location":"[get_call:136] fyersModel","message":{"Status Code":200,"API":"/history"},"timestamp":"2025-04-05 19:28:37,113-0400","service":"FyersAPIRequest","taskName":"Task-3"}
{"level":"DEBUG","location":"[get_call:136] fyersModel","message":{"Status Code":200,"API":"/history"},"timestamp":"2025-04-05 19:28:47,822-0400","service":"FyersAPIRequest","taskName":"Task-3"}
{"level":"DEBUG","location":"[get_call:136] fyersModel","message":{"Status Code":200,"API":"/history"},"timestamp":"2025-04-05 19:28:58,536-0400","service":"FyersAPIRequest","taskName":"Task-3"}
{"level":"DEBUG","location":"[get_call:136] fyersModel","message":{"Status Code":200,"API":"/history"},"timestamp":"2025-04-05 19:29:09,325-0400","service":"FyersAPIRequest","taskName":"Task-3"}
{"level":"DEBUG","location":"[get_call:136] fyersModel","message":{"Status Code":200,"API":"/history"},"timestamp":"2025-04-05 19:29:20,064-0400","service":"FyersAPIRequest","taskName":"Task-3"}
{"level":"DEBUG","location":"[get_call:136] fyersModel","message":{"Status Code":200,"API":"/history"},"timestamp":"2025-04-05 19:29:30,824-0400","service":"FyersAPIRequest","taskName":"Task-3"}
{"level":"DEBUG","location":"[get_call:136] fyersModel","message":{"Status Code":200,"API":"/history"},"timestamp":"2025-04-05 19:29:41,526-0400","service":"FyersAPIRequest","taskName":"Task-3"}
{"level":"DEBUG","location":"[get_call:136] fyersModel","message":{"Status Code":200,"API":"/history"},"timestamp":"2025-04-05 19:29:52,275-0400","service":"FyersAPIRequest","taskName":"Task-3"}
{"level":"DEBUG","location":"[get_call:136] fyersModel","message":{"Status Code":200,"API":"/history"},"timestamp":"2025-04-05 19:30:02,961-0400","service":"FyersAPIRequest","taskName":"Task-3"}
{"level":"DEBUG","location":"[get_call:136] fyersModel","message":{"Status Code":200,"API":"/positions"},"timestamp":"2025-04-05 19:45:51,665-0400","service":"FyersAPIRequest","taskName":"Task-4"}
{"level":"DEBUG","location":"[get_call:136] fyersModel","message":{"Status Code":200,"API":"/holdings"},"timestamp":"2025-04-05 19:45:52,410-0400","service":"FyersAPIRequest","taskName":"Task-4"}
{"level":"DEBUG","location":"[get_call:136] fyersModel","message":{"Status Code":200,"API":"/history"},"timestamp":"2025-04-05 19:45:53,099-0400","service":"FyersAPIRequest","taskName":"Task-4"}
{"level":"DEBUG","location":"[get_call:136] fyersModel","message":{"Status Code":200,"API":"/history"},"timestamp":"2025-04-05 19:46:04,282-0400","service":"FyersAPIRequest","taskName":"Task-4"}
{"level":"DEBUG","location":"[get_call:136] fyersModel","message":{"Status Code":200,"API":"/history"},"timestamp":"2025-04-05 19:46:15,419-0400","service":"FyersAPIRequest","taskName":"Task-4"}
{"level":"DEBUG","location":"[get_call:136] fyersModel","message":{"Status Code":200,"API":"/history"},"timestamp":"2025-04-05 19:46:26,178-0400","service":"FyersAPIRequest","taskName":"Task-4"}
{"level":"DEBUG","location":"[get_call:136] fyersModel","message":{"Status Code":200,"API":"/history"},"timestamp":"2025-04-05 19:46:36,878-0400","service":"FyersAPIRequest","taskName":"Task-4"}
{"level":"DEBUG","location":"[get_call:136] fyersModel","message":{"Status Code":200,"API":"/history"},"timestamp":"2025-04-05 19:46:47,599-0400","service":"FyersAPIRequest","taskName":"Task-4"}
{"level":"DEBUG","location":"[get_call:136] fyersModel","message":{"Status Code":200,"API":"/history"},"timestamp":"2025-04-05 19:46:58,294-0400","service":"FyersAPIRequest","taskName":"Task-4"}
{"level":"DEBUG","location":"[get_call:136] fyersModel","message":{"Status Code":200,"API":"/history"},"timestamp":"2025-04-05 19:47:08,960-0400","service":"FyersAPIRequest","taskName":"Task-4"}
{"level":"DEBUG","location":"[get_call:136] fyersModel","message":{"Status Code":200,"API":"/history"},"timestamp":"2025-04-05 19:47:19,665-0400","service":"FyersAPIRequest","taskName":"Task-4"}
{"level":"DEBUG","location":"[get_call:136] fyersModel","message":{"Status Code":200,"API":"/history"},"timestamp":"2025-04-05 19:47:30,374-0400","service":"FyersAPIRequest","taskName":"Task-4"}
{"level":"DEBUG","location":"[get_call:136] fyersModel","message":{"Status Code":200,"API":"/history"},"timestamp":"2025-04-05 19:47:41,084-0400","service":"FyersAPIRequest","taskName":"Task-4"}
{"level":"DEBUG","location":"[get_call:136] fyersModel","message":{"Status Code":200,"API":"/history"},"timestamp":"2025-04-05 19:47:51,788-0400","service":"FyersAPIRequest","taskName":"Task-4"}
{"level":"DEBUG","location":"[get_call:136] fyersModel","message":{"Status Code":200,"API":"/history"},"timestamp":"2025-04-05 19:48:02,514-0400","service":"FyersAPIRequest","taskName":"Task-4"}
{"level":"DEBUG","location":"[get_call:136] fyersModel","message":{"Status Code":200,"API":"/history"},"timestamp":"2025-04-05 19:48:13,694-0400","service":"FyersAPIRequest","taskName":"Task-4"}
{"level":"DEBUG","location":"[get_call:136] fyersModel","message":{"Status Code":200,"API":"/history"},"timestamp":"2025-04-05 19:48:24,377-0400","service":"FyersAPIRequest","taskName":"Task-4"}
{"level":"DEBUG","location":"[get_call:136] fyersModel","message":{"Status Code":200,"API":"/history"},"timestamp":"2025-04-05 19:48:35,196-0400","service":"FyersAPIRequest","taskName":"Task-4"}
{"level":"DEBUG","location":"[get_call:136] fyersModel","message":{"Status Code":200,"API":"/history"},"timestamp":"2025-04-05 19:48:45,933-0400","service":"FyersAPIRequest","taskName":"Task-4"}
{"level":"DEBUG","location":"[get_call:136] fyersModel","message":{"Status Code":200,"API":"/history"},"timestamp":"2025-04-05 19:48:56,630-0400","service":"FyersAPIRequest","taskName":"Task-4"}
{"level":"DEBUG","location":"[get_call:136] fyersModel","message":{"Status Code":200,"API":"/history"},"timestamp":"2025-04-05 19:49:07,316-0400","service":"FyersAPIRequest","taskName":"Task-4"}
{"level":"DEBUG","location":"[get_call:136] fyersModel","message":{"Status Code":200,"API":"/history"},"timestamp":"2025-04-05 19:49:18,032-0400","service":"FyersAPIRequest","taskName":"Task-4"}
{"level":"DEBUG","location":"[get_call:136] fyersModel","message":{"Status Code":200,"API":"/history"},"timestamp":"2025-04-05 19:49:28,762-0400","service":"FyersAPIRequest","taskName":"Task-4"}
{"level":"DEBUG","location":"[get_call:136] fyersModel","message":{"Status Code":200,"API":"/history"},"timestamp":"2025-04-05 19:49:39,911-0400","service":"FyersAPIRequest","taskName":"Task-4"}
{"level":"DEBUG","location":"[get_call:136] fyersModel","message":{"Status Code":200,"API":"/history"},"timestamp":"2025-04-05 19:49:50,657-0400","service":"FyersAPIRequest","taskName":"Task-4"}
{"level":"DEBUG","location":"[get_call:136] fyersModel","message":{"Status Code":200,"API":"/history"},"timestamp":"2025-04-05 19:50:01,365-0400","service":"FyersAPIRequest","taskName":"Task-4"}
{"level":"DEBUG","location":"[get_call:136] fyersModel","message":{"Status Code":200,"API":"/history"},"timestamp":"2025-04-05 19:50:12,064-0400","service":"FyersAPIRequest","taskName":"Task-4"}
{"level":"DEBUG","location":"[get_call:136] fyersModel","message":{"Status Code":200,"API":"/positions"},"timestamp":"2025-04-08 06:39:22,499-0400","service":"FyersAPIRequest","taskName":"Task-4"}
{"level":"DEBUG","location":"[get_call:136] fyersModel","message":{"Status Code":200,"API":"/holdings"},"timestamp":"2025-04-08 06:39:23,641-0400","service":"FyersAPIRequest","taskName":"Task-4"}
{"level":"DEBUG","location":"[get_call:136] fyersModel","message":{"Status Code":200,"API":"/history"},"timestamp":"2025-04-08 06:39:24,392-0400","service":"FyersAPIRequest","taskName":"Task-4"}
{"level":"DEBUG","location":"[get_call:136] fyersModel","message":{"Status Code":200,"API":"/history"},"timestamp":"2025-04-08 06:39:35,639-0400","service":"FyersAPIRequest","taskName":"Task-4"}
{"level":"DEBUG","location":"[get_call:136] fyersModel","message":{"Status Code":200,"API":"/history"},"timestamp":"2025-04-08 06:39:46,325-0400","service":"FyersAPIRequest","taskName":"Task-4"}
{"level":"DEBUG","location":"[get_call:136] fyersModel","message":{"Status Code":200,"API":"/history"},"timestamp":"2025-04-08 06:39:57,595-0400","service":"FyersAPIRequest","taskName":"Task-4"}
{"level":"DEBUG","location":"[get_call:136] fyersModel","message":{"Status Code":200,"API":"/history"},"timestamp":"2025-04-08 06:40:08,313-0400","service":"FyersAPIRequest","taskName":"Task-4"}
{"level":"DEBUG","location":"[get_call:136] fyersModel","message":{"Status Code":200,"API":"/history"},"timestamp":"2025-04-08 06:40:19,538-0400","service":"FyersAPIRequest","taskName":"Task-4"}
{"level":"DEBUG","location":"[get_call:136] fyersModel","message":{"Status Code":200,"API":"/history"},"timestamp":"2025-04-08 06:40:30,284-0400","service":"FyersAPIRequest","taskName":"Task-4"}
{"level":"DEBUG","location":"[get_call:136] fyersModel","message":{"Status Code":200,"API":"/history"},"timestamp":"2025-04-08 06:40:41,202-0400","service":"FyersAPIRequest","taskName":"Task-4"}
{"level":"DEBUG","location":"[get_call:136] fyersModel","message":{"Status Code":200,"API":"/history"},"timestamp":"2025-04-08 06:40:51,960-0400","service":"FyersAPIRequest","taskName":"Task-4"}
{"level":"DEBUG","location":"[get_call:136] fyersModel","message":{"Status Code":200,"API":"/history"},"timestamp":"2025-04-08 06:41:03,078-0400","service":"FyersAPIRequest","taskName":"Task-4"}
{"level":"DEBUG","location":"[get_call:136] fyersModel","message":{"Status Code":200,"API":"/history"},"timestamp":"2025-04-08 06:41:13,795-0400","service":"FyersAPIRequest","taskName":"Task-4"}
{"level":"DEBUG","location":"[get_call:136] fyersModel","message":{"Status Code":200,"API":"/history"},"timestamp":"2025-04-08 06:41:24,488-0400","service":"FyersAPIRequest","taskName":"Task-4"}
{"level":"DEBUG","location":"[get_call:136] fyersModel","message":{"Status Code":200,"API":"/history"},"timestamp":"2025-04-08 06:41:35,222-0400","service":"FyersAPIRequest","taskName":"Task-4"}
{"level":"DEBUG","location":"[get_call:136] fyersModel","message":{"Status Code":200,"API":"/history"},"timestamp":"2025-04-08 06:41:45,959-0400","service":"FyersAPIRequest","taskName":"Task-4"}
{"level":"DEBUG","location":"[get_call:136] fyersModel","message":{"Status Code":200,"API":"/history"},"timestamp":"2025-04-08 06:41:56,683-0400","service":"FyersAPIRequest","taskName":"Task-4"}
{"level":"DEBUG","location":"[get_call:136] fyersModel","message":{"Status Code":200,"API":"/history"},"timestamp":"2025-04-08 06:42:07,435-0400","service":"FyersAPIRequest","taskName":"Task-4"}
{"level":"DEBUG","location":"[get_call:136] fyersModel","message":{"Status Code":200,"API":"/history"},"timestamp":"2025-04-08 06:42:18,138-0400","service":"FyersAPIRequest","taskName":"Task-4"}
{"level":"DEBUG","location":"[get_call:136] fyersModel","message":{"Status Code":200,"API":"/history"},"timestamp":"2025-04-08 06:42:28,945-0400","service":"FyersAPIRequest","taskName":"Task-4"}
{"level":"DEBUG","location":"[get_call:136] fyersModel","message":{"Status Code":200,"API":"/history"},"timestamp":"2025-04-08 06:42:39,639-0400","service":"FyersAPIRequest","taskName":"Task-4"}
{"level":"DEBUG","location":"[get_call:136] fyersModel","message":{"Status Code":200,"API":"/history"},"timestamp":"2025-04-08 06:42:50,337-0400","service":"FyersAPIRequest","taskName":"Task-4"}
{"level":"DEBUG","location":"[get_call:136] fyersModel","message":{"Status Code":200,"API":"/history"},"timestamp":"2025-04-08 06:43:01,549-0400","service":"FyersAPIRequest","taskName":"Task-4"}
{"level":"DEBUG","location":"[get_call:136] fyersModel","message":{"Status Code":200,"API":"/history"},"timestamp":"2025-04-08 06:43:12,234-0400","service":"FyersAPIRequest","taskName":"Task-4"}
{"level":"DEBUG","location":"[get_call:136] fyersModel","message":{"Status Code":200,"API":"/history"},"timestamp":"2025-04-08 06:43:22,944-0400","service":"FyersAPIRequest","taskName":"Task-4"}
{"level":"DEBUG","location":"[get_call:136] fyersModel","message":{"Status Code":200,"API":"/history"},"timestamp":"2025-04-08 06:43:33,617-0400","service":"FyersAPIRequest","taskName":"Task-4"}
{"level":"DEBUG","location":"[get_call:136] fyersModel","message":{"Status Code":200,"API":"/history"},"timestamp":"2025-04-08 06:43:44,294-0400","service":"FyersAPIRequest","taskName":"Task-4"}
{"level":"DEBUG","location":"[get_call:136] fyersModel","message":{"Status Code":200,"API":"/positions"},"timestamp":"2025-04-12 14:07:30,608-0400","service":"FyersAPIRequest","taskName":"Task-4"}
{"level":"DEBUG","location":"[get_call:136] fyersModel","message":{"Status Code":200,"API":"/holdings"},"timestamp":"2025-04-12 14:07:31,710-0400","service":"FyersAPIRequest","taskName":"Task-4"}
{"level":"DEBUG","location":"[get_call:136] fyersModel","message":{"Status Code":200,"API":"/positions"},"timestamp":"2025-04-12 17:39:52,425-0400","service":"FyersAPIRequest","taskName":"Task-3"}
{"level":"DEBUG","location":"[get_call:136] fyersModel","message":{"Status Code":200,"API":"/holdings"},"timestamp":"2025-04-12 17:39:53,701-0400","service":"FyersAPIRequest","taskName":"Task-3"}
{"level":"DEBUG","location":"[get_call:136] fyersModel","message":{"Status Code":200,"API":"/positions"},"timestamp":"2025-04-12 17:49:30,466-0400","service":"FyersAPIRequest","taskName":"Task-4"}
{"level":"DEBUG","location":"[get_call:136] fyersModel","message":{"Status Code":200,"API":"/holdings"},"timestamp":"2025-04-12 17:49:31,484-0400","service":"FyersAPIRequest","taskName":"Task-4"}
{"level":"DEBUG","location":"[get_call:136] fyersModel","message":{"Status Code":200,"API":"/positions"},"timestamp":"2025-04-12 17:51:03,256-0400","service":"FyersAPIRequest","taskName":"Task-4"}
{"level":"DEBUG","location":"[get_call:136] fyersModel","message":{"Status Code":200,"API":"/holdings"},"timestamp":"2025-04-12 17:51:04,260-0400","service":"FyersAPIRequest","taskName":"Task-4"}
{"level":"DEBUG","location":"[get_call:136] fyersModel","message":{"Status Code":422,"API":"/history"},"timestamp":"2025-04-12 18:28:06,840-0400","service":"FyersAPIRequest","taskName":"Task-4"}
{"level":"DEBUG","location":"[get_call:136] fyersModel","message":{"Status Code":422,"API":"/history"},"timestamp":"2025-04-12 18:41:18,877-0400","service":"FyersAPIRequest","taskName":"Task-4"}
{"level":"DEBUG","location":"[get_call:136] fyersModel","message":{"Status Code":200,"API":"/history"},"timestamp":"2025-04-12 18:42:07,352-0400","service":"FyersAPIRequest","taskName":"Task-4"}
{"level":"DEBUG","location":"[get_call:136] fyersModel","message":{"Status Code":200,"API":"/positions"},"timestamp":"2025-04-12 20:28:48,137-0400","service":"FyersAPIRequest","taskName":"Task-4"}
{"level":"DEBUG","location":"[get_call:136] fyersModel","message":{"Status Code":200,"API":"/holdings"},"timestamp":"2025-04-12 20:28:48,875-0400","service":"FyersAPIRequest","taskName":"Task-4"}
{"level":"DEBUG","location":"[get_call:136] fyersModel","message":{"Status Code":401,"API":"/history"},"timestamp":"2025-04-12 21:55:35,686-0400","service":"FyersAPIRequest","taskName":"Task-4"}
{"level":"DEBUG","location":"[get_call:136] fyersModel","message":{"Status Code":200,"API":"/positions"},"timestamp":"2025-04-18 18:00:18,077-0400","service":"FyersAPIRequest","taskName":"Task-4"}
{"level":"DEBUG","location":"[get_call:136] fyersModel","message":{"Status Code":200,"API":"/holdings"},"timestamp":"2025-04-18 18:00:18,853-0400","service":"FyersAPIRequest","taskName":"Task-4"}
{"level":"DEBUG","location":"[get_call:136] fyersModel","message":{"Status Code":200,"API":"/quotes"},"timestamp":"2025-04-18 20:19:16,432-0400","service":"FyersAPIRequest","taskName":"Task-4"}
{"level":"DEBUG","location":"[get_call:136] fyersModel","message":{"Status Code":200,"API":"/quotes"},"timestamp":"2025-04-18 20:20:52,865-0400","service":"FyersAPIRequest","taskName":"Task-4"}
{"level":"DEBUG","location":"[get_call:136] fyersModel","message":{"Status Code":200,"API":"/positions"},"timestamp":"2025-04-20 16:42:19,696-0400","service":"FyersAPIRequest","taskName":"Task-4"}
{"level":"DEBUG","location":"[get_call:136] fyersModel","message":{"Status Code":200,"API":"/holdings"},"timestamp":"2025-04-20 16:42:20,422-0400","service":"FyersAPIRequest","taskName":"Task-4"}
{"level":"DEBUG","location":"[get_call:136] fyersModel","message":{"Status Code":200,"API":"/quotes"},"timestamp":"2025-04-20 16:48:03,715-0400","service":"FyersAPIRequest","taskName":"Task-4"}
{"level":"DEBUG","location":"[get_call:136] fyersModel","message":{"Status Code":200,"API":"/positions"},"timestamp":"2025-04-20 16:57:44,985-0400","service":"FyersAPIRequest","taskName":"Task-2"}
{"level":"DEBUG","location":"[get_call:136] fyersModel","message":{"Status Code":200,"API":"/holdings"},"timestamp":"2025-04-20 16:57:45,744-0400","service":"FyersAPIRequest","taskName":"Task-2"}
{"level":"DEBUG","location":"[get_call:136] fyersModel","message":{"Status Code":200,"API":"/quotes"},"timestamp":"2025-04-20 16:57:50,729-0400","service":"FyersAPIRequest","taskName":"Task-2"}
{"level":"DEBUG","location":"[get_call:136] fyersModel","message":{"Status Code":200,"API":"/positions"},"timestamp":"2025-04-20 17:10:39,091-0400","service":"FyersAPIRequest","taskName":"Task-2"}
{"level":"DEBUG","location":"[get_call:136] fyersModel","message":{"Status Code":200,"API":"/holdings"},"timestamp":"2025-04-20 17:10:39,823-0400","service":"FyersAPIRequest","taskName":"Task-2"}
{"level":"DEBUG","location":"[get_call:136] fyersModel","message":{"Status Code":200,"API":"/quotes"},"timestamp":"2025-04-20 17:10:40,530-0400","service":"FyersAPIRequest","taskName":"Task-2"}
{"level":"DEBUG","location":"[get_call:136] fyersModel","message":{"Status Code":200,"API":"/positions"},"timestamp":"2025-04-20 17:22:49,951-0400","service":"FyersAPIRequest","taskName":"Task-3"}
{"level":"DEBUG","location":"[get_call:136] fyersModel","message":{"Status Code":200,"API":"/holdings"},"timestamp":"2025-04-20 17:22:51,077-0400","service":"FyersAPIRequest","taskName":"Task-3"}
{"level":"DEBUG","location":"[get_call:136] fyersModel","message":{"Status Code":200,"API":"/quotes"},"timestamp":"2025-04-20 17:22:51,783-0400","service":"FyersAPIRequest","taskName":"Task-3"}
{"level":"DEBUG","location":"[get_call:136] fyersModel","message":{"Status Code":200,"API":"/positions"},"timestamp":"2025-04-20 17:23:30,689-0400","service":"FyersAPIRequest","taskName":"Task-3"}
{"level":"DEBUG","location":"[get_call:136] fyersModel","message":{"Status Code":200,"API":"/holdings"},"timestamp":"2025-04-20 17:23:31,397-0400","service":"FyersAPIRequest","taskName":"Task-3"}
{"level":"DEBUG","location":"[get_call:136] fyersModel","message":{"Status Code":200,"API":"/quotes"},"timestamp":"2025-04-20 17:23:32,084-0400","service":"FyersAPIRequest","taskName":"Task-3"}
{"level":"DEBUG","location":"[get_call:136] fyersModel","message":{"Status Code":200,"API":"/positions"},"timestamp":"2025-04-20 17:23:54,584-0400","service":"FyersAPIRequest","taskName":"Task-3"}
{"level":"DEBUG","location":"[get_call:136] fyersModel","message":{"Status Code":200,"API":"/holdings"},"timestamp":"2025-04-20 17:23:55,734-0400","service":"FyersAPIRequest","taskName":"Task-3"}
{"level":"DEBUG","location":"[get_call:136] fyersModel","message":{"Status Code":200,"API":"/quotes"},"timestamp":"2025-04-20 17:23:56,509-0400","service":"FyersAPIRequest","taskName":"Task-3"}
{"level":"DEBUG","location":"[get_call:136] fyersModel","message":{"Status Code":200,"API":"/positions"},"timestamp":"2025-04-20 17:29:28,170-0400","service":"FyersAPIRequest","taskName":"Task-4"}
{"level":"DEBUG","location":"[get_call:136] fyersModel","message":{"Status Code":200,"API":"/holdings"},"timestamp":"2025-04-20 17:29:28,863-0400","service":"FyersAPIRequest","taskName":"Task-4"}
{"level":"DEBUG","location":"[get_call:136] fyersModel","message":{"Status Code":200,"API":"/quotes"},"timestamp":"2025-04-20 17:29:29,599-0400","service":"FyersAPIRequest","taskName":"Task-4"}
{"level":"DEBUG","location":"[get_call:136] fyersModel","message":{"Status Code":200,"API":"/positions"},"timestamp":"2025-04-20 17:32:00,095-0400","service":"FyersAPIRequest","taskName":"Task-3"}
{"level":"DEBUG","location":"[get_call:136] fyersModel","message":{"Status Code":200,"API":"/holdings"},"timestamp":"2025-04-20 17:32:00,783-0400","service":"FyersAPIRequest","taskName":"Task-3"}
{"level":"DEBUG","location":"[get_call:136] fyersModel","message":{"Status Code":200,"API":"/quotes"},"timestamp":"2025-04-20 17:32:01,930-0400","service":"FyersAPIRequest","taskName":"Task-3"}
{"level":"DEBUG","location":"[get_call:136] fyersModel","message":{"Status Code":200,"API":"/positions"},"timestamp":"2025-04-20 17:40:58,746-0400","service":"FyersAPIRequest","taskName":"Task-3"}
{"level":"DEBUG","location":"[get_call:136] fyersModel","message":{"Status Code":200,"API":"/holdings"},"timestamp":"2025-04-20 17:40:59,450-0400","service":"FyersAPIRequest","taskName":"Task-3"}
{"level":"DEBUG","location":"[get_call:136] fyersModel","message":{"Status Code":200,"API":"/quotes"},"timestamp":"2025-04-20 17:41:00,193-0400","service":"FyersAPIRequest","taskName":"Task-3"}
{"level":"DEBUG","location":"[get_call:136] fyersModel","message":{"Status Code":200,"API":"/positions"},"timestamp":"2025-04-20 17:41:38,055-0400","service":"FyersAPIRequest","taskName":"Task-3"}
{"level":"DEBUG","location":"[get_call:136] fyersModel","message":{"Status Code":200,"API":"/holdings"},"timestamp":"2025-04-20 17:41:39,188-0400","service":"FyersAPIRequest","taskName":"Task-3"}
{"level":"DEBUG","location":"[get_call:136] fyersModel","message":{"Status Code":200,"API":"/quotes"},"timestamp":"2025-04-20 17:41:40,148-0400","service":"FyersAPIRequest","taskName":"Task-3"}
{"level":"DEBUG","location":"[get_call:136] fyersModel","message":{"Status Code":200,"API":"/positions"},"timestamp":"2025-04-20 17:50:57,051-0400","service":"FyersAPIRequest","taskName":"Task-3"}
{"level":"DEBUG","location":"[get_call:136] fyersModel","message":{"Status Code":200,"API":"/holdings"},"timestamp":"2025-04-20 17:50:57,732-0400","service":"FyersAPIRequest","taskName":"Task-3"}
{"level":"DEBUG","location":"[get_call:136] fyersModel","message":{"Status Code":200,"API":"/quotes"},"timestamp":"2025-04-20 17:50:58,441-0400","service":"FyersAPIRequest","taskName":"Task-3"}
